app/build/intermediates/aapt_proguard_file/release/aapt_rules.txt
-keep class team.Voyager.openinwhatsapp.MainActivity { <init>(); }