app/build/outputs/mapping/debug/seeds.txt
team.Voyager.openinwhatsapp.MainActivity: MainActivity()
team.Voyager.openinwhatsapp.MainActivity